<?xml version="1.0" encoding="UTF-8"?>
<!-- Generated by org.testng.reporters.JUnitReportReporter -->
<testsuite skipped="0" hostname="DESKTOP-SICLOU2" name="com.vodefone.tests.RegisterationTest" tests="1" failures="0" timestamp="2021-01-26T19:56:54 EET" time="4.505" errors="0">
  <testcase name="Write_Email_to_Create_New_Account" time="4.505" classname="com.vodefone.tests.RegisterationTest"/>
  <system-out/>
</testsuite> <!-- com.vodefone.tests.RegisterationTest -->
