<?xml version="1.0" encoding="UTF-8"?>
<!-- Generated by org.testng.reporters.JUnitReportReporter -->
<testsuite skipped="0" hostname="DESKTOP-SICLOU2" name="com.vodefone.tests.RegisterationTest" tests="1" failures="0" timestamp="2021-01-27T08:49:50 EET" time="16.853" errors="0">
  <testcase name="CreateNewAccount" time="16.853" classname="com.vodefone.tests.RegisterationTest"/>
  <system-out/>
</testsuite> <!-- com.vodefone.tests.RegisterationTest -->
