<?xml version="1.0" encoding="UTF-8"?>
<!-- Generated by org.testng.reporters.JUnitReportReporter -->
<testsuite skipped="0" hostname="DESKTOP-SICLOU2" name="com.vodefone.tests.ChooseproductTest" tests="1" failures="0" timestamp="2021-01-26T23:20:40 EET" time="3.033" errors="0">
  <testcase name="SelectBlouse" time="3.033" classname="com.vodefone.tests.ChooseproductTest"/>
  <system-out/>
</testsuite> <!-- com.vodefone.tests.ChooseproductTest -->
