<?xml version="1.0" encoding="UTF-8"?>
<!-- Generated by org.testng.reporters.JUnitReportReporter -->
<testsuite skipped="0" hostname="DESKTOP-SICLOU2" name="com.vodefone.tests.ProductTest" tests="2" failures="0" timestamp="2021-01-26T19:34:24 EET" time="44.611" errors="0">
  <testcase name="add_blouse_to_cart" time="4.812" classname="com.vodefone.tests.ProductTest"/>
  <system-out/>
  <testcase name="payment_checkout" time="39.799" classname="com.vodefone.tests.ProductTest"/>
  <system-out/>
</testsuite> <!-- com.vodefone.tests.ProductTest -->
