<?xml version="1.0" encoding="UTF-8"?>
<!-- Generated by org.testng.reporters.JUnitReportReporter -->
<testsuite skipped="0" hostname="DESKTOP-SICLOU2" name="com.vodefone.tests.LoginTest" tests="1" failures="0" timestamp="2021-01-26T23:20:40 EET" time="5.652" errors="0">
  <testcase name="LoginUser" time="5.652" classname="com.vodefone.tests.LoginTest"/>
  <system-out/>
</testsuite> <!-- com.vodefone.tests.LoginTest -->
