<?xml version="1.0" encoding="UTF-8"?>
<!-- Generated by org.testng.reporters.JUnitReportReporter -->
<testsuite skipped="0" hostname="DESKTOP-SICLOU2" name="com.vodefone.tests.ChooseproductTest" tests="1" failures="0" timestamp="2021-01-27T08:49:50 EET" time="5.528" errors="0">
  <testcase name="SelectBlouse" time="5.528" classname="com.vodefone.tests.ChooseproductTest"/>
  <system-out/>
</testsuite> <!-- com.vodefone.tests.ChooseproductTest -->
