<?xml version="1.0" encoding="UTF-8"?>
<!-- Generated by org.testng.reporters.JUnitReportReporter -->
<testsuite skipped="0" hostname="DESKTOP-SICLOU2" name="com.vodefone.tests.ProductTest" tests="2" failures="0" timestamp="2021-01-27T08:49:50 EET" time="12.346" errors="0">
  <testcase name="add_blouse_to_cart" time="4.247" classname="com.vodefone.tests.ProductTest"/>
  <system-out/>
  <testcase name="payment_checkout" time="8.099" classname="com.vodefone.tests.ProductTest"/>
  <system-out/>
</testsuite> <!-- com.vodefone.tests.ProductTest -->
