<?xml version="1.0" encoding="UTF-8"?>
<!-- Generated by org.testng.reporters.JUnitReportReporter -->
<testsuite skipped="0" hostname="DESKTOP-SICLOU2" name="com.vodefone.tests.RegisterationTest" tests="2" failures="0" timestamp="2021-01-26T23:33:52 EET" time="17.678" errors="0">
  <testcase name="Write_Email_to_Create_New_Account" time="5.286" classname="com.vodefone.tests.RegisterationTest"/>
  <system-out/>
  <testcase name="CreateNewAccount" time="12.392" classname="com.vodefone.tests.RegisterationTest"/>
  <system-out/>
</testsuite> <!-- com.vodefone.tests.RegisterationTest -->
