<?xml version="1.0" encoding="UTF-8"?>
<!-- Generated by org.testng.reporters.JUnitReportReporter -->
<testsuite skipped="0" hostname="DESKTOP-SICLOU2" name="com.vodefone.tests.LoginTest" tests="1" failures="0" timestamp="2021-01-27T08:49:50 EET" time="4.438" errors="0">
  <testcase name="LoginUser" time="4.438" classname="com.vodefone.tests.LoginTest"/>
  <system-out/>
</testsuite> <!-- com.vodefone.tests.LoginTest -->
